
================================================================
Calculating eigen spectrum for m = 3, Le = 2.00e-04, Lu =  1.00e+04


----------------------------------------------------------------
Resolution (L, N)=(23, 23)

Build operator elapsed 1.11 s.
DP system: 920x920
Solve DP eigensystem elapsed 2.41 s.
QP system: 920x920
Solve QP eigensystem elapsed 2.40 s.

----------------------------------------------------------------
Resolution (L, N)=(33, 33)

Build operator elapsed 2.05 s.
DP system: 1980x1980
Solve DP eigensystem elapsed 34.35 s.
QP system: 1980x1980
Solve QP eigensystem elapsed 35.57 s.

----------------------------------------------------------------
Resolution (L, N)=(43, 43)

Build operator elapsed 3.86 s.
DP system: 3440x3440
Solve DP eigensystem elapsed 208.90 s.
QP system: 3440x3440
Solve QP eigensystem elapsed 204.47 s.

Eigenvalue spectra saved to /cluster/home/jinmin/MCmodes/runs/T1_Le2e-4_Lu1e4_m3_40_parity-same/eigenspectra.h5
================================================================

