
================================================================
Calculating eigen spectrum for m = 3, E_eta = 1.00e-04, Elsasser =  1.00e+00


----------------------------------------------------------------
Resolution (L, N)=(23, 23)

Build operator elapsed 1.12 s.
DP system: 900x900
Solve DP eigensystem elapsed 3.18 s.
QP system: 900x900
Solve QP eigensystem elapsed 3.15 s.

----------------------------------------------------------------
Resolution (L, N)=(33, 33)

Build operator elapsed 2.08 s.
DP system: 1950x1950
Solve DP eigensystem elapsed 55.90 s.
QP system: 1950x1950
Solve QP eigensystem elapsed 55.69 s.

----------------------------------------------------------------
Resolution (L, N)=(43, 43)

Build operator elapsed 3.71 s.
DP system: 3400x3400
Solve DP eigensystem elapsed 302.20 s.
QP system: 3400x3400
Solve QP eigensystem elapsed 304.02 s.

Eigenvalue spectra saved to /cluster/home/jinmin/MCmodes/runs/T1pi_1e-4_m3_galerkin_30-40_parity-same/eigenspectra.h5
================================================================

