
================================================================
Calculating eigen spectrum for m = 3, E_eta = 1.00e-04, Elsasser =  1.00e+00


----------------------------------------------------------------
Resolution (L, N)=(23, 23)

Build operator elapsed 1.18 s.
DP system: 900x900
Solve DP eigensystem elapsed 3.42 s.
QP system: 900x900
Solve QP eigensystem elapsed 3.44 s.

----------------------------------------------------------------
Resolution (L, N)=(33, 33)

Build operator elapsed 2.18 s.
DP system: 1950x1950
Solve DP eigensystem elapsed 59.75 s.
QP system: 1950x1950
Solve QP eigensystem elapsed 64.87 s.

----------------------------------------------------------------
Resolution (L, N)=(43, 43)

Build operator elapsed 4.03 s.
DP system: 3400x3400
Solve DP eigensystem elapsed 349.48 s.
QP system: 3400x3400
Solve QP eigensystem elapsed 346.50 s.

Eigenvalue spectra saved to /cluster/home/jinmin/MCmodes/runs/T1_1e-4_m3_galerkin_30-40_parity-same/eigenspectra.h5
================================================================

