
================================================================
Calculating eigen spectrum for m = 1, E_eta = 1.00e-04, Elsasser =  1.00e+00


----------------------------------------------------------------
Resolution (L, N)=(21, 21)

Build operator elapsed 1.09 s.
DP system: 820x820
Solve DP eigensystem elapsed 2.24 s.
QP system: 820x820
Solve QP eigensystem elapsed 2.25 s.

----------------------------------------------------------------
Resolution (L, N)=(31, 31)

Build operator elapsed 2.00 s.
DP system: 1830x1830
Solve DP eigensystem elapsed 42.18 s.
QP system: 1830x1830
Solve QP eigensystem elapsed 42.19 s.

----------------------------------------------------------------
Resolution (L, N)=(41, 41)

Build operator elapsed 3.56 s.
DP system: 3240x3240
Solve DP eigensystem elapsed 252.67 s.
QP system: 3240x3240
Solve QP eigensystem elapsed 249.33 s.

Eigenvalue spectra saved to /cluster/home/jinmin/MCmodes/runs/T1pi_1e-4_m1_galerkin_30-40_parity-same/eigenspectra.h5
================================================================

