
================================================================
Calculating eigen spectrum for m = 1, E_eta = 1.00e-09, Elsasser =  1.00e+00


----------------------------------------------------------------
Resolution (L, N)=(31, 31)

Build operator elapsed 2.68 s.
DP system: 1830x1830
Solve DP eigensystem elapsed 30.49 s.
QP system: 1830x1830
Solve QP eigensystem elapsed 32.16 s.

----------------------------------------------------------------
Resolution (L, N)=(41, 41)

Build operator elapsed 4.19 s.
DP system: 3240x3240
Solve DP eigensystem elapsed 199.91 s.
QP system: 3240x3240
Solve QP eigensystem elapsed 193.95 s.

----------------------------------------------------------------
Resolution (L, N)=(61, 61)

Build operator elapsed 14.21 s.
DP system: 7260x7260
Solve DP eigensystem elapsed 2372.72 s.
QP system: 7260x7260
Solve QP eigensystem elapsed 2397.14 s.

Eigenvalue spectra saved to /cluster/home/jinmin/MCmodes/runs/S1pi_1e-9_m1_galerkin_60_parity-oppo/eigenspectra.h5
================================================================

