
================================================================
Calculating eigen spectrum for m = 3, E_eta = 1.00e-04, Elsasser =  1.00e+00


----------------------------------------------------------------
Resolution (L, N)=(23, 23)

Build operator elapsed 1.14 s.
DP system: 920x920
Solve DP eigensystem elapsed 3.65 s.
QP system: 920x920
Solve QP eigensystem elapsed 3.65 s.

----------------------------------------------------------------
Resolution (L, N)=(33, 33)

Build operator elapsed 2.17 s.
DP system: 1980x1980
Solve DP eigensystem elapsed 59.79 s.
QP system: 1980x1980
Solve QP eigensystem elapsed 58.84 s.

----------------------------------------------------------------
Resolution (L, N)=(43, 43)

Build operator elapsed 3.90 s.
DP system: 3440x3440
Solve DP eigensystem elapsed 349.13 s.
QP system: 3440x3440
Solve QP eigensystem elapsed 342.14 s.

Eigenvalue spectra saved to /cluster/home/jinmin/MCmodes/runs/T1pi_1e-4_m3_30-40_parity-same/eigenspectra.h5
================================================================

