
================================================================
Calculating eigen spectrum for m = 3, E_eta = 5.00e-09, Elsasser =  5.00e-01


----------------------------------------------------------------
Resolution (L, N)=(43, 43)

Build operator elapsed 4.22 s.
DP system: 3440x3440
Solve DP eigensystem elapsed 209.89 s.
QP system: 3440x3440
Solve QP eigensystem elapsed 211.38 s.

----------------------------------------------------------------
Resolution (L, N)=(63, 63)

Build operator elapsed 13.26 s.
DP system: 7560x7560
Solve DP eigensystem elapsed 2370.29 s.
QP system: 7560x7560
Solve QP eigensystem elapsed 2404.94 s.

----------------------------------------------------------------
Resolution (L, N)=(83, 83)

Build operator elapsed 33.51 s.
DP system: 13280x13280
Solve DP eigensystem elapsed 16192.40 s.
QP system: 13280x13280
Solve QP eigensystem elapsed 17318.75 s.

Eigenvalue spectra saved to /cluster/home/jinmin/MCmodes/runs/S1_Em5e-9_Els5e-1_m3_parity_oppo/eigenspectra.h5
================================================================

