
================================================================
Calculating eigen spectrum for m = 3, E_eta = 1.00e-08, Elsasser =  1.00e+00


----------------------------------------------------------------
Resolution (L, N)=(23, 23)

Build operator elapsed 1.08 s.
DP system: 920x920
Solve DP eigensystem elapsed 2.48 s.
QP system: 920x920
Solve QP eigensystem elapsed 2.53 s.

----------------------------------------------------------------
Resolution (L, N)=(33, 33)

Build operator elapsed 1.99 s.
DP system: 1980x1980
Solve DP eigensystem elapsed 35.89 s.
QP system: 1980x1980
Solve QP eigensystem elapsed 35.68 s.

----------------------------------------------------------------
Resolution (L, N)=(43, 43)

Build operator elapsed 3.64 s.
DP system: 3440x3440
Solve DP eigensystem elapsed 215.15 s.
QP system: 3440x3440
Solve QP eigensystem elapsed 214.48 s.

Eigenvalue spectra saved to /cluster/home/jinmin/MCmodes/runs/T1_1e-8_m3_40_parity-same/eigenspectra.h5
================================================================

