
================================================================
Calculating eigen spectrum for m = 3, E_eta = 1.00e-08, Elsasser =  5.00e-01


----------------------------------------------------------------
Resolution (L, N)=(23, 23)

Build operator elapsed 1.14 s.
DP system: 920x920
Solve DP eigensystem elapsed 2.55 s.
QP system: 920x920
Solve QP eigensystem elapsed 2.49 s.

----------------------------------------------------------------
Resolution (L, N)=(33, 33)

Build operator elapsed 2.09 s.
DP system: 1980x1980
Solve DP eigensystem elapsed 37.18 s.
QP system: 1980x1980
Solve QP eigensystem elapsed 36.95 s.

----------------------------------------------------------------
Resolution (L, N)=(43, 43)

Build operator elapsed 3.85 s.
DP system: 3440x3440
Solve DP eigensystem elapsed 222.62 s.
QP system: 3440x3440
Solve QP eigensystem elapsed 215.07 s.

Eigenvalue spectra saved to /cluster/home/jinmin/MCmodes/runs/T1_1e-8_1-2_m3_40_parity-same/eigenspectra.h5
================================================================

