
================================================================
Calculating eigen spectrum for m = 3, E_eta = 1.00e-06, Elsasser =  1.00e+00


----------------------------------------------------------------
Resolution (L, N)=(23, 23)

Build operator elapsed 1.23 s.
DP system: 900x900
Solve DP eigensystem elapsed 2.94 s.
QP system: 900x900
Solve QP eigensystem elapsed 3.03 s.

----------------------------------------------------------------
Resolution (L, N)=(33, 33)

Build operator elapsed 2.26 s.
DP system: 1950x1950
Solve DP eigensystem elapsed 47.32 s.
QP system: 1950x1950
Solve QP eigensystem elapsed 46.78 s.

----------------------------------------------------------------
Resolution (L, N)=(43, 43)

Build operator elapsed 4.02 s.
DP system: 3400x3400
Solve DP eigensystem elapsed 256.34 s.
QP system: 3400x3400
Solve QP eigensystem elapsed 240.40 s.

Eigenvalue spectra saved to /cluster/home/jinmin/MCmodes/runs/S1_1e-6_m3_galerkin_30-40_parity-oppo/eigenspectra.h5
================================================================

