
================================================================
Calculating eigen spectrum for m = 1, E_eta = 1.00e-04, Elsasser =  1.00e+00


----------------------------------------------------------------
Resolution (L, N)=(21, 21)

Build operator elapsed 1.12 s.
DP system: 840x840
Solve DP eigensystem elapsed 2.73 s.
QP system: 840x840
Solve QP eigensystem elapsed 2.76 s.

----------------------------------------------------------------
Resolution (L, N)=(31, 31)

Build operator elapsed 2.08 s.
DP system: 1860x1860
Solve DP eigensystem elapsed 45.93 s.
QP system: 1860x1860
Solve QP eigensystem elapsed 45.61 s.

----------------------------------------------------------------
Resolution (L, N)=(41, 41)

Build operator elapsed 3.70 s.
DP system: 3280x3280
Solve DP eigensystem elapsed 285.46 s.
QP system: 3280x3280
Solve QP eigensystem elapsed 283.13 s.

Eigenvalue spectra saved to /cluster/home/jinmin/MCmodes/runs/T1_1e-4_m1_30-40_parity-same/eigenspectra.h5
================================================================

