
================================================================
Calculating eigen spectrum for m = 3, Le = 1.00e-04, Lu =  1.00e+04


----------------------------------------------------------------
Resolution (L, N)=(43, 43)

Build operator elapsed 4.32 s.
DP system: 3440x3440
Solve DP eigensystem elapsed 241.46 s.
QP system: 3440x3440
Solve QP eigensystem elapsed 241.55 s.

----------------------------------------------------------------
Resolution (L, N)=(63, 63)

Build operator elapsed 13.34 s.
DP system: 7560x7560
Solve DP eigensystem elapsed 2401.82 s.
QP system: 7560x7560
Solve QP eigensystem elapsed 2333.31 s.

----------------------------------------------------------------
Resolution (L, N)=(83, 83)

Build operator elapsed 37.66 s.
DP system: 13280x13280
Solve DP eigensystem elapsed 15462.34 s.
QP system: 13280x13280
Solve QP eigensystem elapsed 14618.44 s.

Eigenvalue spectra saved to /cluster/home/jinmin/MCmodes/runs/S1_Le1e-4_Lu1e+4_m3_parity_oppo/eigenspectra.h5
================================================================

