
================================================================
Calculating eigen spectrum for m = 1, E_eta = 1.00e-06, Elsasser =  1.00e+00


----------------------------------------------------------------
Resolution (L, N)=(21, 21)

Build operator elapsed 1.37 s.
DP system: 820x820
Solve DP eigensystem elapsed 1.82 s.
QP system: 820x820
Solve QP eigensystem elapsed 1.87 s.

----------------------------------------------------------------
Resolution (L, N)=(31, 31)

Build operator elapsed 2.32 s.
DP system: 1830x1830
Solve DP eigensystem elapsed 38.17 s.
QP system: 1830x1830
Solve QP eigensystem elapsed 38.88 s.

----------------------------------------------------------------
Resolution (L, N)=(41, 41)

Build operator elapsed 4.05 s.
DP system: 3240x3240
Solve DP eigensystem elapsed 264.22 s.
QP system: 3240x3240
Solve QP eigensystem elapsed 249.09 s.

Eigenvalue spectra saved to /cluster/home/jinmin/MCmodes/runs/S1pi_1e-6_m1_galerkin_30-40_parity-oppo/eigenspectra.h5
================================================================

