
================================================================
Calculating eigen spectrum for m = 1, E_eta = 1.00e-06, Elsasser =  1.00e+00


----------------------------------------------------------------
Resolution (L, N)=(21, 21)

Build operator elapsed 1.13 s.
DP system: 820x820
Solve DP eigensystem elapsed 1.81 s.
QP system: 820x820
Solve QP eigensystem elapsed 1.85 s.

----------------------------------------------------------------
Resolution (L, N)=(31, 31)

Build operator elapsed 2.09 s.
DP system: 1830x1830
Solve DP eigensystem elapsed 34.34 s.
QP system: 1830x1830
Solve QP eigensystem elapsed 35.59 s.

----------------------------------------------------------------
Resolution (L, N)=(41, 41)

Build operator elapsed 3.63 s.
DP system: 3240x3240
Solve DP eigensystem elapsed 203.15 s.
QP system: 3240x3240
Solve QP eigensystem elapsed 204.23 s.

Eigenvalue spectra saved to /cluster/home/jinmin/MCmodes/runs/S1_1e-6_m1_galerkin_30-40_parity-oppo/eigenspectra.h5
================================================================

