
================================================================
Calculating eigen spectrum for m = 1, E_eta = 5.00e-09, Elsasser =  5.00e-01


----------------------------------------------------------------
Resolution (L, N)=(41, 41)

Build operator elapsed 4.10 s.
DP system: 3280x3280
Solve DP eigensystem elapsed 186.64 s.
QP system: 3280x3280
Solve QP eigensystem elapsed 197.10 s.

----------------------------------------------------------------
Resolution (L, N)=(61, 61)

Build operator elapsed 13.11 s.
DP system: 7320x7320
Solve DP eigensystem elapsed 2318.27 s.
QP system: 7320x7320
Solve QP eigensystem elapsed 2205.79 s.

----------------------------------------------------------------
Resolution (L, N)=(81, 81)

Build operator elapsed 33.15 s.
DP system: 12960x12960
Solve DP eigensystem elapsed 15090.33 s.
QP system: 12960x12960
Solve QP eigensystem elapsed 14732.14 s.

Eigenvalue spectra saved to /cluster/home/jinmin/MCmodes/runs/S1_Em5e-9_Els5e-1_m1_parity_oppo/eigenspectra.h5
================================================================

