
================================================================
Calculating eigen spectrum for m = 3, Le = 1.41e-04, Lu =  1.00e+04


----------------------------------------------------------------
Resolution (L, N)=(23, 23)

Build operator elapsed 1.06 s.
DP system: 920x920
Solve DP eigensystem elapsed 2.39 s.
QP system: 920x920
Solve QP eigensystem elapsed 2.29 s.

----------------------------------------------------------------
Resolution (L, N)=(33, 33)

Build operator elapsed 1.98 s.
DP system: 1980x1980
Solve DP eigensystem elapsed 35.02 s.
QP system: 1980x1980
Solve QP eigensystem elapsed 34.86 s.

----------------------------------------------------------------
Resolution (L, N)=(43, 43)

Build operator elapsed 3.64 s.
DP system: 3440x3440
Solve DP eigensystem elapsed 208.38 s.
QP system: 3440x3440
Solve QP eigensystem elapsed 207.74 s.

Eigenvalue spectra saved to /cluster/home/jinmin/MCmodes/runs/T1_Lesqrt2e-4_Lu1e4_m3_40_parity-same/eigenspectra.h5
================================================================

