
================================================================
Calculating eigen spectrum for m = 1, E_eta = 1.00e-04, Elsasser =  1.00e+00


----------------------------------------------------------------
Resolution (L, N)=(21, 21)

Build operator elapsed 1.06 s.
DP system: 840x840
Solve DP eigensystem elapsed 2.62 s.
QP system: 840x840
Solve QP eigensystem elapsed 2.59 s.

----------------------------------------------------------------
Resolution (L, N)=(31, 31)

Build operator elapsed 1.97 s.
DP system: 1860x1860
Solve DP eigensystem elapsed 45.02 s.
QP system: 1860x1860
Solve QP eigensystem elapsed 45.25 s.

----------------------------------------------------------------
Resolution (L, N)=(41, 41)

Build operator elapsed 3.71 s.
DP system: 3280x3280
Solve DP eigensystem elapsed 287.26 s.
QP system: 3280x3280
Solve QP eigensystem elapsed 293.52 s.

Eigenvalue spectra saved to /cluster/home/jinmin/MCmodes/runs/T1pi_1e-4_m1_30-40_parity-same/eigenspectra.h5
================================================================

