
================================================================
Calculating eigen spectrum for m = 1, E_eta = 1.00e-09, Elsasser =  1.00e+00


----------------------------------------------------------------
Resolution (L, N)=(31, 31)

Build operator elapsed 2.04 s.
DP system: 1830x1830
Solve DP eigensystem elapsed 27.14 s.
QP system: 1830x1830
Solve QP eigensystem elapsed 27.49 s.

----------------------------------------------------------------
Resolution (L, N)=(41, 41)

Build operator elapsed 3.37 s.
DP system: 3240x3240
Solve DP eigensystem elapsed 167.86 s.
QP system: 3240x3240
Solve QP eigensystem elapsed 169.24 s.

----------------------------------------------------------------
Resolution (L, N)=(61, 61)

Build operator elapsed 11.97 s.
DP system: 7260x7260
Solve DP eigensystem elapsed 2121.43 s.
QP system: 7260x7260
Solve QP eigensystem elapsed 2165.31 s.

Eigenvalue spectra saved to /cluster/home/jinmin/MCmodes/runs/T1pi_1e-9_m1_galerkin_60_parity-same/eigenspectra.h5
================================================================

