
================================================================
Calculating eigen spectrum for m = 3, E_eta = 5.00e-09, Elsasser =  1.00e+00


----------------------------------------------------------------
Resolution (L, N)=(23, 23)

Build operator elapsed 1.05 s.
DP system: 920x920
Solve DP eigensystem elapsed 2.30 s.
QP system: 920x920
Solve QP eigensystem elapsed 2.29 s.

----------------------------------------------------------------
Resolution (L, N)=(33, 33)

Build operator elapsed 1.94 s.
DP system: 1980x1980
Solve DP eigensystem elapsed 35.78 s.
QP system: 1980x1980
Solve QP eigensystem elapsed 36.87 s.

----------------------------------------------------------------
Resolution (L, N)=(43, 43)

Build operator elapsed 3.66 s.
DP system: 3440x3440
Solve DP eigensystem elapsed 224.54 s.
QP system: 3440x3440
Solve QP eigensystem elapsed 220.62 s.

Eigenvalue spectra saved to /cluster/home/jinmin/MCmodes/runs/T1_1e-8-2_m3_40_parity-same/eigenspectra.h5
================================================================

